<?xml version="1.0" encoding="UTF-8"?>
<testng-results skipped="0" failed="0" total="2" passed="2">
  <reporter-output>
    <line>
      <![CDATA[Response Body is: {"userMessage":"Required parameters must be provided","validation":[{"field":"dfScmUrl","message":"field is required"},{"field":"filePaths","message":"field is required"}]}]]>
    </line>
    <line>
      <![CDATA[Files: 10]]>
    </line>
    <line>
      <![CDATA[<br>]]>
    </line>
    <line>
      <![CDATA[id: 819658]]>
    </line>
    <line>
      <![CDATA[rev: c62179b7a1f6cfb49e503ca52cdceed9cf4131b4]]>
    </line>
    <line>
      <![CDATA[shortRev: c62179b]]>
    </line>
    <line>
      <![CDATA[parentsIds: null]]>
    </line>
    <line>
      <![CDATA[commitTime: 2014-08-20T11:19:39Z]]>
    </line>
    <line>
      <![CDATA[linesOfCode: 11633]]>
    </line>
    <line>
      <![CDATA[<br>]]>
    </line>
    <line>
      <![CDATA[id: 819687]]>
    </line>
    <line>
      <![CDATA[rev: 8a50697e487ac078cdd4bf94139bfbe1c36f197a]]>
    </line>
    <line>
      <![CDATA[shortRev: 8a50697]]>
    </line>
    <line>
      <![CDATA[parentsIds: null]]>
    </line>
    <line>
      <![CDATA[commitTime: 2014-12-03T13:25:07Z]]>
    </line>
    <line>
      <![CDATA[linesOfCode: 7075]]>
    </line>
    <line>
      <![CDATA[<br>]]>
    </line>
    <line>
      <![CDATA[id: 819718]]>
    </line>
    <line>
      <![CDATA[rev: 3319b95643dd00dd84e6156654e73aaf148b0e0b]]>
    </line>
    <line>
      <![CDATA[shortRev: 3319b95]]>
    </line>
    <line>
      <![CDATA[parentsIds: null]]>
    </line>
    <line>
      <![CDATA[commitTime: 2015-02-04T07:38:29Z]]>
    </line>
    <line>
      <![CDATA[linesOfCode: 15845]]>
    </line>
    <line>
      <![CDATA[<br>]]>
    </line>
    <line>
      <![CDATA[id: 819793]]>
    </line>
    <line>
      <![CDATA[rev: 3763bb759dcfc53d1310cedc77d49353b81e8fb1]]>
    </line>
    <line>
      <![CDATA[shortRev: 3763bb7]]>
    </line>
    <line>
      <![CDATA[parentsIds: null]]>
    </line>
    <line>
      <![CDATA[commitTime: 2016-09-28T07:27:38Z]]>
    </line>
    <line>
      <![CDATA[linesOfCode: 17953]]>
    </line>
    <line>
      <![CDATA[<br>]]>
    </line>
    <line>
      <![CDATA[id: 819818]]>
    </line>
    <line>
      <![CDATA[rev: 9f6ef444979291e887c1c5385b99b14ff209c75b]]>
    </line>
    <line>
      <![CDATA[shortRev: 9f6ef44]]>
    </line>
    <line>
      <![CDATA[parentsIds: null]]>
    </line>
    <line>
      <![CDATA[commitTime: 2016-12-15T17:25:46Z]]>
    </line>
    <line>
      <![CDATA[linesOfCode: 18268]]>
    </line>
    <line>
      <![CDATA[<br>]]>
    </line>
    <line>
      <![CDATA[id: 819876]]>
    </line>
    <line>
      <![CDATA[rev: 3ff5e67dda265b09e5936bb3e16d8ab88f15e2bc]]>
    </line>
    <line>
      <![CDATA[shortRev: 3ff5e67]]>
    </line>
    <line>
      <![CDATA[parentsIds: null]]>
    </line>
    <line>
      <![CDATA[commitTime: 2017-08-18T13:36:13Z]]>
    </line>
    <line>
      <![CDATA[linesOfCode: 18655]]>
    </line>
    <line>
      <![CDATA[<br>]]>
    </line>
    <line>
      <![CDATA[id: 819908]]>
    </line>
    <line>
      <![CDATA[rev: f013e0a89e6b4d0db78c8bd1ef18791b564c80a9]]>
    </line>
    <line>
      <![CDATA[shortRev: f013e0a]]>
    </line>
    <line>
      <![CDATA[parentsIds: null]]>
    </line>
    <line>
      <![CDATA[commitTime: 2017-08-18T13:36:13Z]]>
    </line>
    <line>
      <![CDATA[linesOfCode: 18686]]>
    </line>
    <line>
      <![CDATA[<br>]]>
    </line>
    <line>
      <![CDATA[id: 819925]]>
    </line>
    <line>
      <![CDATA[rev: 9daed3b612f06cd60ece28782bd8c8ec7052f38a]]>
    </line>
    <line>
      <![CDATA[shortRev: 9daed3b]]>
    </line>
    <line>
      <![CDATA[parentsIds: null]]>
    </line>
    <line>
      <![CDATA[commitTime: 2017-08-18T13:36:13Z]]>
    </line>
    <line>
      <![CDATA[linesOfCode: 18686]]>
    </line>
    <line>
      <![CDATA[<br>]]>
    </line>
    <line>
      <![CDATA[id: 819963]]>
    </line>
    <line>
      <![CDATA[rev: 3acdaccaa2a29135107d5b272e16ac871baa8ac1]]>
    </line>
    <line>
      <![CDATA[shortRev: 3acdacc]]>
    </line>
    <line>
      <![CDATA[parentsIds: null]]>
    </line>
    <line>
      <![CDATA[commitTime: 2018-03-01T14:49:25Z]]>
    </line>
    <line>
      <![CDATA[linesOfCode: 23635]]>
    </line>
    <line>
      <![CDATA[<br>]]>
    </line>
    <line>
      <![CDATA[id: 819964]]>
    </line>
    <line>
      <![CDATA[rev: 0ef16b8dc22ede7b85a0b97b74c4ea6367f4d5e7]]>
    </line>
    <line>
      <![CDATA[shortRev: 0ef16b8]]>
    </line>
    <line>
      <![CDATA[parentsIds: null]]>
    </line>
    <line>
      <![CDATA[commitTime: 2018-03-01T15:11:35Z]]>
    </line>
    <line>
      <![CDATA[linesOfCode: 23635]]>
    </line>
    <line>
      <![CDATA[<br>]]>
    </line>
  </reporter-output>
  <suite name="Default suite" duration-ms="3828" started-at="2018-06-28T11:13:49Z" finished-at="2018-06-28T11:13:53Z">
    <groups>
    </groups>
    <test name="Default test" duration-ms="3828" started-at="2018-06-28T11:13:49Z" finished-at="2018-06-28T11:13:53Z">
      <class name="regression.CSRV_3801">
        <test-method status="PASS" signature="Setup()[pri:0, instance:regression.CSRV_3801@4c70fda8]" name="Setup" is-config="true" duration-ms="31" started-at="2018-06-28T16:13:49Z" finished-at="2018-06-28T16:13:49Z">
          <reporter-output>
          </reporter-output>
        </test-method> <!-- Setup -->
        <test-method status="PASS" signature="VeirfyRequiredFields()[pri:0, instance:regression.CSRV_3801@4c70fda8]" name="VeirfyRequiredFields" duration-ms="2426" started-at="2018-06-28T16:13:49Z" finished-at="2018-06-28T16:13:51Z">
          <reporter-output>
            <line>
              <![CDATA[Response Body is: {"userMessage":"Required parameters must be provided","validation":[{"field":"dfScmUrl","message":"field is required"},{"field":"filePaths","message":"field is required"}]}]]>
            </line>
          </reporter-output>
        </test-method> <!-- VeirfyRequiredFields -->
        <test-method status="PASS" signature="VeirfyValidFileResponse()[pri:0, instance:regression.CSRV_3801@4c70fda8]" name="VeirfyValidFileResponse" duration-ms="1344" started-at="2018-06-28T16:13:51Z" finished-at="2018-06-28T16:13:53Z">
          <reporter-output>
            <line>
              <![CDATA[Files: 10]]>
            </line>
            <line>
              <![CDATA[<br>]]>
            </line>
            <line>
              <![CDATA[id: 819658]]>
            </line>
            <line>
              <![CDATA[rev: c62179b7a1f6cfb49e503ca52cdceed9cf4131b4]]>
            </line>
            <line>
              <![CDATA[shortRev: c62179b]]>
            </line>
            <line>
              <![CDATA[parentsIds: null]]>
            </line>
            <line>
              <![CDATA[commitTime: 2014-08-20T11:19:39Z]]>
            </line>
            <line>
              <![CDATA[linesOfCode: 11633]]>
            </line>
            <line>
              <![CDATA[<br>]]>
            </line>
            <line>
              <![CDATA[id: 819687]]>
            </line>
            <line>
              <![CDATA[rev: 8a50697e487ac078cdd4bf94139bfbe1c36f197a]]>
            </line>
            <line>
              <![CDATA[shortRev: 8a50697]]>
            </line>
            <line>
              <![CDATA[parentsIds: null]]>
            </line>
            <line>
              <![CDATA[commitTime: 2014-12-03T13:25:07Z]]>
            </line>
            <line>
              <![CDATA[linesOfCode: 7075]]>
            </line>
            <line>
              <![CDATA[<br>]]>
            </line>
            <line>
              <![CDATA[id: 819718]]>
            </line>
            <line>
              <![CDATA[rev: 3319b95643dd00dd84e6156654e73aaf148b0e0b]]>
            </line>
            <line>
              <![CDATA[shortRev: 3319b95]]>
            </line>
            <line>
              <![CDATA[parentsIds: null]]>
            </line>
            <line>
              <![CDATA[commitTime: 2015-02-04T07:38:29Z]]>
            </line>
            <line>
              <![CDATA[linesOfCode: 15845]]>
            </line>
            <line>
              <![CDATA[<br>]]>
            </line>
            <line>
              <![CDATA[id: 819793]]>
            </line>
            <line>
              <![CDATA[rev: 3763bb759dcfc53d1310cedc77d49353b81e8fb1]]>
            </line>
            <line>
              <![CDATA[shortRev: 3763bb7]]>
            </line>
            <line>
              <![CDATA[parentsIds: null]]>
            </line>
            <line>
              <![CDATA[commitTime: 2016-09-28T07:27:38Z]]>
            </line>
            <line>
              <![CDATA[linesOfCode: 17953]]>
            </line>
            <line>
              <![CDATA[<br>]]>
            </line>
            <line>
              <![CDATA[id: 819818]]>
            </line>
            <line>
              <![CDATA[rev: 9f6ef444979291e887c1c5385b99b14ff209c75b]]>
            </line>
            <line>
              <![CDATA[shortRev: 9f6ef44]]>
            </line>
            <line>
              <![CDATA[parentsIds: null]]>
            </line>
            <line>
              <![CDATA[commitTime: 2016-12-15T17:25:46Z]]>
            </line>
            <line>
              <![CDATA[linesOfCode: 18268]]>
            </line>
            <line>
              <![CDATA[<br>]]>
            </line>
            <line>
              <![CDATA[id: 819876]]>
            </line>
            <line>
              <![CDATA[rev: 3ff5e67dda265b09e5936bb3e16d8ab88f15e2bc]]>
            </line>
            <line>
              <![CDATA[shortRev: 3ff5e67]]>
            </line>
            <line>
              <![CDATA[parentsIds: null]]>
            </line>
            <line>
              <![CDATA[commitTime: 2017-08-18T13:36:13Z]]>
            </line>
            <line>
              <![CDATA[linesOfCode: 18655]]>
            </line>
            <line>
              <![CDATA[<br>]]>
            </line>
            <line>
              <![CDATA[id: 819908]]>
            </line>
            <line>
              <![CDATA[rev: f013e0a89e6b4d0db78c8bd1ef18791b564c80a9]]>
            </line>
            <line>
              <![CDATA[shortRev: f013e0a]]>
            </line>
            <line>
              <![CDATA[parentsIds: null]]>
            </line>
            <line>
              <![CDATA[commitTime: 2017-08-18T13:36:13Z]]>
            </line>
            <line>
              <![CDATA[linesOfCode: 18686]]>
            </line>
            <line>
              <![CDATA[<br>]]>
            </line>
            <line>
              <![CDATA[id: 819925]]>
            </line>
            <line>
              <![CDATA[rev: 9daed3b612f06cd60ece28782bd8c8ec7052f38a]]>
            </line>
            <line>
              <![CDATA[shortRev: 9daed3b]]>
            </line>
            <line>
              <![CDATA[parentsIds: null]]>
            </line>
            <line>
              <![CDATA[commitTime: 2017-08-18T13:36:13Z]]>
            </line>
            <line>
              <![CDATA[linesOfCode: 18686]]>
            </line>
            <line>
              <![CDATA[<br>]]>
            </line>
            <line>
              <![CDATA[id: 819963]]>
            </line>
            <line>
              <![CDATA[rev: 3acdaccaa2a29135107d5b272e16ac871baa8ac1]]>
            </line>
            <line>
              <![CDATA[shortRev: 3acdacc]]>
            </line>
            <line>
              <![CDATA[parentsIds: null]]>
            </line>
            <line>
              <![CDATA[commitTime: 2018-03-01T14:49:25Z]]>
            </line>
            <line>
              <![CDATA[linesOfCode: 23635]]>
            </line>
            <line>
              <![CDATA[<br>]]>
            </line>
            <line>
              <![CDATA[id: 819964]]>
            </line>
            <line>
              <![CDATA[rev: 0ef16b8dc22ede7b85a0b97b74c4ea6367f4d5e7]]>
            </line>
            <line>
              <![CDATA[shortRev: 0ef16b8]]>
            </line>
            <line>
              <![CDATA[parentsIds: null]]>
            </line>
            <line>
              <![CDATA[commitTime: 2018-03-01T15:11:35Z]]>
            </line>
            <line>
              <![CDATA[linesOfCode: 23635]]>
            </line>
            <line>
              <![CDATA[<br>]]>
            </line>
          </reporter-output>
        </test-method> <!-- VeirfyValidFileResponse -->
      </class> <!-- regression.CSRV_3801 -->
    </test> <!-- Default test -->
  </suite> <!-- Default suite -->
</testng-results>
